Base path: C:/Program Files/Unity/Editor/Data
Pipe name: \\.\pipe\UnityShaderCompiler-64bit-1-9900
Cmd: getPlatforms
Cmd: preprocess
  insize=3999 outsize=292 ok=1
Cmd: compileSnippet
  api=4 type=0 insize=4007 outsize=2533 kw= pd= ok=1
Cmd: compileSnippet
  api=4 type=1 insize=4007 outsize=1981 kw= pd= ok=1
Cmd: preprocess
  insize=840 outsize=1202 ok=1
Cmd: compileSnippet
  api=4 type=0 insize=7545 outsize=3508 kw=DIRECTIONAL SHADOWS_OFF LIGHTMAP_OFF DIRLIGHTMAP_OFF DYNAMICLIGHTMAP_OFF pd= ok=1
Cmd: compileSnippet
  api=4 type=1 insize=7545 outsize=8538 kw=DIRECTIONAL SHADOWS_OFF LIGHTMAP_OFF DIRLIGHTMAP_OFF DYNAMICLIGHTMAP_OFF pd= ok=1
Cmd: compileSnippet
  api=4 type=0 insize=4288 outsize=2753 kw=POINT SHADOWS_OFF pd= ok=1
Cmd: compileSnippet
  api=4 type=1 insize=4288 outsize=4800 kw=POINT SHADOWS_OFF pd= ok=1
Cmd: compileSnippet
  api=4 type=0 insize=6646 outsize=3508 kw=LIGHTMAP_OFF DIRLIGHTMAP_OFF DYNAMICLIGHTMAP_OFF HDR_LIGHT_PREPASS_OFF pd= ok=1
Cmd: compileSnippet
  api=4 type=1 insize=6646 outsize=1989 kw=LIGHTMAP_OFF DIRLIGHTMAP_OFF DYNAMICLIGHTMAP_OFF HDR_LIGHT_PREPASS_OFF pd= ok=1
Cmd: compileSnippet
  api=4 type=0 insize=3590 outsize=2484 kw= pd= ok=1
Cmd: compileSnippet
  api=4 type=1 insize=3590 outsize=1160 kw= pd= ok=1
Cmd: compileSnippet
  api=4 type=0 insize=960 outsize=4459 kw=DIRECTIONAL SHADOWS_SCREEN pd= ok=1
Cmd: compileSnippet
  api=4 type=1 insize=960 outsize=5710 kw=DIRECTIONAL SHADOWS_SCREEN pd= ok=1
